2024-03-08 07:35:27 [scrapy.utils.log] INFO: Scrapy 2.11.1 started (bot: educrawlerServicev1)
2024-03-08 07:35:27 [scrapy.utils.log] INFO: Versions: lxml 5.1.0.0, libxml2 2.10.3, cssselect 1.2.0, parsel 1.8.1, w3lib 2.1.2, Twisted 24.3.0, Python 3.11.3 (tags/v3.11.3:f3909b8, Apr  4 2023, 23:49:59) [MSC v.1934 64 bit (AMD64)], pyOpenSSL 24.0.0 (OpenSSL 3.2.1 30 Jan 2024), cryptography 42.0.5, Platform Windows-10-10.0.22621-SP0
2024-03-08 07:35:27 [scrapy.addons] INFO: Enabled addons:
[]
2024-03-08 07:35:27 [asyncio] DEBUG: Using selector: SelectSelector
2024-03-08 07:35:27 [scrapy.utils.log] DEBUG: Using reactor: twisted.internet.asyncioreactor.AsyncioSelectorReactor
2024-03-08 07:35:27 [scrapy.utils.log] DEBUG: Using asyncio event loop: asyncio.windows_events._WindowsSelectorEventLoop
2024-03-08 07:35:27 [scrapy.extensions.telnet] INFO: Telnet Password: 0cd3936a3ff58260
2024-03-08 07:35:28 [scrapy.middleware] INFO: Enabled extensions:
['scrapy.extensions.corestats.CoreStats',
 'scrapy.extensions.telnet.TelnetConsole',
 'scrapy.extensions.logstats.LogStats',
 'scrapeops_scrapy.extension.ScrapeOpsMonitor']
2024-03-08 07:35:28 [scrapy.crawler] INFO: Overridden settings:
{'BOT_NAME': 'educrawlerServicev1',
 'DEPTH_LIMIT': 3,
 'DOWNLOAD_DELAY': 2,
 'FEED_EXPORT_ENCODING': 'utf-8',
 'LOG_FILE': 'logs\\default\\demoCrawlerURL\\c1b6da0ddce311eea68b9cfce8f276e2.log',
 'NEWSPIDER_MODULE': 'educrawlerServicev1.spiders',
 'REQUEST_FINGERPRINTER_IMPLEMENTATION': '2.7',
 'ROBOTSTXT_OBEY': True,
 'SPIDER_MODULES': ['educrawlerServicev1.spiders'],
 'TWISTED_REACTOR': 'twisted.internet.asyncioreactor.AsyncioSelectorReactor'}
2024-03-08 07:35:28 [scrapy.middleware] INFO: Enabled downloader middlewares:
['scrapy.downloadermiddlewares.robotstxt.RobotsTxtMiddleware',
 'scrapy.downloadermiddlewares.httpauth.HttpAuthMiddleware',
 'scrapy.downloadermiddlewares.downloadtimeout.DownloadTimeoutMiddleware',
 'scrapy.downloadermiddlewares.defaultheaders.DefaultHeadersMiddleware',
 'scrapy.downloadermiddlewares.useragent.UserAgentMiddleware',
 'scrapeops_scrapy.middleware.retry.RetryMiddleware',
 'scrapy.downloadermiddlewares.redirect.MetaRefreshMiddleware',
 'scrapy.downloadermiddlewares.httpcompression.HttpCompressionMiddleware',
 'scrapy.downloadermiddlewares.redirect.RedirectMiddleware',
 'scrapy.downloadermiddlewares.cookies.CookiesMiddleware',
 'scrapy.downloadermiddlewares.httpproxy.HttpProxyMiddleware',
 'scrapy.downloadermiddlewares.stats.DownloaderStats']
2024-03-08 07:35:28 [scrapy.middleware] INFO: Enabled spider middlewares:
['scrapy.spidermiddlewares.httperror.HttpErrorMiddleware',
 'scrapy.spidermiddlewares.offsite.OffsiteMiddleware',
 'scrapy.spidermiddlewares.referer.RefererMiddleware',
 'scrapy.spidermiddlewares.urllength.UrlLengthMiddleware',
 'scrapy.spidermiddlewares.depth.DepthMiddleware']
2024-03-08 07:35:28 [scrapy.middleware] INFO: Enabled item pipelines:
['educrawlerServicev1.pipelines.Educrawlerservicev1Pipeline',
 'educrawlerServicev1.pipelines.DemoPipeline']
2024-03-08 07:35:28 [scrapy.core.engine] INFO: Spider opened
2024-03-08 07:35:28 [scrapy.extensions.logstats] INFO: Crawled 0 pages (at 0 pages/min), scraped 0 items (at 0 items/min)
2024-03-08 07:35:28 [urllib3.connectionpool] DEBUG: Starting new HTTPS connection (1): api.scrapeops.io:443
2024-03-08 07:35:30 [urllib3.connectionpool] DEBUG: https://api.scrapeops.io:443 "POST /api/v1/setup/ HTTP/1.1" 200 None
2024-03-08 07:35:30 [scrapy.extensions.telnet] INFO: Telnet console listening on 127.0.0.1:6023
2024-03-08 07:35:30 [urllib3.connectionpool] DEBUG: Starting new HTTPS connection (1): api.scrapeops.io:443
2024-03-08 07:35:30 [urllib3.connectionpool] DEBUG: https://api.scrapeops.io:443 "POST /api/v1/normalizer/domain/?domain=giaoduc.net.vn HTTP/1.1" 200 245
2024-03-08 07:35:31 [scrapy.core.engine] DEBUG: Crawled (200) <GET https://giaoduc.net.vn/robots.txt> (referer: None)
2024-03-08 07:35:33 [scrapy.core.engine] DEBUG: Crawled (200) <GET https://giaoduc.net.vn/dong-luc-giup-nam-sinh-bac-giang-dat-hoc-bong-thac-si-toan-phan-cua-dh-bac-kinh-post240362.gd> (referer: None)
2024-03-08 07:35:34 [scrapy.core.scraper] DEBUG: Scraped from <200 https://giaoduc.net.vn/dong-luc-giup-nam-sinh-bac-giang-dat-hoc-bong-thac-si-toan-phan-cua-dh-bac-kinh-post240362.gd>
{'crawlerType': 'demo', 'domain': 'giaoduc.net.vn', 'url': 'https://giaoduc.net.vn/dong-luc-giup-nam-sinh-bac-giang-dat-hoc-bong-thac-si-toan-phan-cua-dh-bac-kinh-post240362.gd', 'academic_keyword': 96, 'keywords': ['giáo dục', 'đại học', 'trường', 'học', 'học'], 'title': 'Động lực giúp nam sinh Bắc Giang đạt học bổng thạc sĩ toàn phần của ĐH Bắc Kinh | Giáo dục Việt Nam', 'reformatted_content': 'GDVN- Ngoài niềm đam mê với ngôn ngữ Trung Quốc, trong quá trình chuẩn bị hồ sơ xin học bổng du học, người giúp Đạt có động lực phấn đấu nhất là nữ ca sĩ Taylor Swift. Với sự cố gắng và nỗ lực không ngừng nghỉ của mình, Tạ Văn Đạt (sinh năm 2002, Bắc Giang, cựu sinh viên Trường Đại học Hà Nội) đã xuất sắc giành được học bổng du học toàn phần hệ thạc sỹ của Chính phủ Trung Quốc. Hiện, Đạt đang theo học năm nhất của chương trình thạc sĩ với ngành Ngôn ngữ học và Ngôn ngữ học ứng dụng tại Khoa Ngôn ngữ và Văn học Trung Quốc, Đại học Bắc Kinh (Trung Quốc). Trao đổi với phóng viên Tạp chí điện tử Giáo dục Việt Nam, Đạt cho hay, du học đã là mục tiêu của em từ khi học lớp chuyên tiếng Trung tại trường Trung học phổ thông Chuyên Bắc Giang. Tuy nhiên, do thời điểm đó vào đúng thời kỳ đại dịch COVID-19 (năm 2020) nên em đã phải tạm hoãn lại kế hoạch du học. Chính vì vậy, đến tháng 6 năm 2023, sau khi tốt nghiệp đại học, Đạt mới có thể thực hiện được ước mơ đi du học này của mình khi đạt được học bổng toàn phần của Chính phủ Trung Quốc với hệ thạc sỹ. Được biết, học bổng mà em nhận được bao gồm miễn toàn bộ học phí, bảo hiểm, ký túc xá và sinh hoạt phí hàng tháng. Bên cạnh đó, việc lựa chọn ngành Ngôn ngữ học và Ngôn ngữ học ứng dụng tại Đại học Bắc Kinh được Đạt cho biết là do niềm đam mê, hứng thú với nghiên cứu ngôn ngữ của bản thân và lời khuyên từ giảng viên đã hướng dẫn em làm khoá luận tốt nghiệp. Hơn nữa, Đại học Bắc Kinh là trường đào tạo Ngôn ngữ học thuộc tốp 8 thế giới (theo bảng xếp hạng QS năm 2023) [1]; trường cũng đào tạo rất nhiều môn học thú vị như Ngôn ngữ học đương đại, Âm vị học đương đại, Ngôn ngữ học tri nhận, Ngôn ngữ học trị liệu, Điều tra điền dã trong ngôn ngữ học… Do vậy, em đã lựa chọn tham gia chương trình học tại đây. Nói về động lực giúp bản thân đạt được thành tích như hiện tại, nam sinh bày tỏ, không giống với nhiều bạn du học sinh khác, ngoài niềm đam mê với ngôn ngữ Trung Quốc, trong suốt hành trình học tập, ôn luyện để chuẩn bị hồ sơ xin học bổng du học, người ảnh hưởng đến Đạt nhiều nhất là nữ ca sĩ Taylor Swift. “Những câu chuyện và sự nghiệp âm nhạc của ca sĩ Taylor Swift đã truyền cho em rất nhiều động lực trong quá trình học tập. Em vẫn nhớ nhất là trong bài phát biểu khi nhận danh hiệu Tiến sĩ danh dự tại ngành Nghệ thuật của Đại học New York vào tháng 5 năm 2022, Taylor đã nói rằng “Never be ashamed of trying. Effortlessness is a myth”, tức là đừng bao giờ cảm thấy xấu hổ với sự nỗ lực của bản thân, bởi trên đời không có việc gì là dễ dàng cả. Thời điểm đó cũng là lúc em bắt đầu chuẩn bị nộp hồ sơ xin học bổng du học chương trình thạc sĩ tại Đại học Bắc Kinh. Và chính bài phát biểu của Taylor Swift đã giúp em vượt qua rất nhiều khó khăn trong quá trình này”, Đạt bày tỏ. Chia sẻ thêm về quá trình chuẩn bị hồ sơ xin học bổng của mình, nam sinh cho hay, khi tham gia học tại Trường Đại học Hà Nội, mặc dù chương trình cử nhân mà em theo học cũng có những học phần liên quan về ngôn ngữ nhưng chưa thực sự chuyên sâu. Trong thời gian học tập bậc cử nhân, một giảng viên đã từng nói với em rằng, khi bước chân ra khỏi cánh cổng nhà trường, sách chính là người thầy và là tấm bản đồ hữu ích của các em. Tuy nhiên, không phải sách nào cũng tốt, cũng hay mà phải biết “tầm sư” để “học đạo”, phải tìm sách tốt, sách hay để đọc. Do vậy, em đã đọc thêm khá nhiều sách chuyên ngành về ngôn ngữ học để có được lượng kiến thức đáp ứng được yêu cầu đối với việc xin học bổng toàn phần. Nam sinh cũng cho rằng, không chỉ riêng các ngành thuộc lĩnh vực Khoa học Xã hội và Nhân văn, mà đối với cả những ngành thuộc lĩnh vực Khoa học Tự nhiên, việc đọc luôn là điều rất quan trọng để giúp bản thân người học nâng cao kiến thức. Ngoài ra, Đạt cho biết thêm, ứng viên cũng cần lưu ý khi nộp hồ sơ xin học bổng vào Đại học Bắc Kinh là nhà trường sẽ xem xét, cân nhắc đến nhiều phương diện như bối cảnh học thuật, khả năng nghiên cứu, năng lực ngoại ngữ, triển vọng đào tạo… của ứng viên. Và những yếu tố này cần được ứng viên cần bắt đầu chuẩn bị sớm nhất có thể, bởi cơ hội sẽ luôn dành cho những người có sự chuẩn bị tốt. Bên cạnh đó, Đạt cũng cho rằng, việc có cho mình khả năng sử dụng ngoại ngữ tốt cũng là một trong những yếu tố rất quan trọng đối với việc xin học bổng du học. Theo nam sinh, việc học ngoại ngữ là một quá trình rất dài, đòi hỏi sự kiên trì và không ngừng cố gắng. Ngay cả trong thời điểm hiện tại, dù đã đạt được ước mơ của mình, em vẫn cảm thấy bản thân vẫn còn rất nhiều thiếu sót trong vấn đề này. Tuy nhiên, đứng trên góc độ của một người học và nghiên cứu ngôn ngữ, Đạt cho rằng, điều quan trọng nhất vẫn là sự chăm chỉ luyện tập, và tự tạo môi trường ngoại ngữ cho bản thân. "Em khá may mắn vì được thường xuyên tiếp xúc với tiếng Trung từ khi học lớp chuyên tiếng Trung tại Trường Trung học phổ thông Chuyên Bắc Giang. Đồng thời, em có cơ hội tham gia các cuộc thi học sinh giỏi cấp khu vực, cấp quốc gia, ..., những cuộc thi này đã giúp tôi luyện được năng lực tiếng Trung của bản thân em rất nhiều", Đạt nói. Không những vậy, khi theo học tại Trường Đại học Hà Nội, Đạt còn có cơ hội tham gia các hội thảo nghiên cứu khoa học, điều này đã giúp em rất nhiều trong việc nghiên cứu ngôn ngữ ở bậc sau đại học. Việc tự nộp hồ sơ du học và xin học bổng du học toàn phần Chính phủ vào một trường đại học nổi tiếng thế giới vốn không phải điều đơn giản. Hơn nữa, thời gian chuẩn bị vào đúng đợt Đạt phải viết khoá luận tốt nghiệp đại học. Do vậy, Đạt đã gặp phải không ít khó khăn từ việc chuẩn bị hồ sơ, tài liệu,... Mặt khác, khi bắt đầu tham gia học tại Đại học Bắc Kinh, em cũng gặp phải một số hạn chế do cơ sở lý luận của bản thân còn khá nông cạn dẫn tới trong quá trình nghe giảng cũng như theo dõi các bạn cùng lớp thuyết trình còn khó khăn. Vì vậy, sau mỗi buổi học, Đạt thường phải nghe lại một lượt bài giảng; tìm đọc thêm tài liệu trước và sau giờ học… Thêm nữa, tại Đại học Bắc Kinh, học viên cao học sẽ học chung với nghiên cứu sinh, đây cũng là một thử thách khá lớn và sốc với nam sinh Việt trong học kỳ vừa rồi. Nói về dự định của bản thân, Đạt cho hay, trong tương lai em sẽ tiếp tục trau dồi, nâng cao kiến thức về Ngôn ngữ học tại Đại học Bắc Kinh để từ đó vận dụng những lý luận đã được học vào việc nghiên cứu tiếng Việt, góp phần hoàn thiện hệ thống lý luận của Việt ngữ học. Tài liệu tham khảo: [1]: https://www.topuniversities.com/university-subject-rankings/linguistics', 'total_words': 1397, 'minimum_keywords': 6}
2024-03-08 07:35:34 [scrapy.core.engine] INFO: Closing spider (finished)
2024-03-08 07:35:34 [urllib3.connectionpool] DEBUG: Starting new HTTPS connection (1): api.scrapeops.io:443
2024-03-08 07:35:35 [urllib3.connectionpool] DEBUG: https://api.scrapeops.io:443 "POST /api/v1/stats/ HTTP/1.1" 200 108
2024-03-08 07:35:35 [scrapy.statscollectors] INFO: Dumping Scrapy stats:
{'downloader/request_bytes': 533,
 'downloader/request_count': 2,
 'downloader/request_method_count/GET': 2,
 'downloader/response_bytes': 18001,
 'downloader/response_count': 2,
 'downloader/response_status_count/200': 2,
 'elapsed_time_seconds': 5.588241,
 'finish_reason': 'finished',
 'finish_time': datetime.datetime(2024, 3, 8, 0, 35, 34, 388520, tzinfo=datetime.timezone.utc),
 'httpcompression/response_bytes': 67946,
 'httpcompression/response_count': 1,
 'item_scraped_count': 1,
 'log_count/DEBUG': 12,
 'log_count/INFO': 10,
 'response_received_count': 2,
 'robotstxt/request_count': 1,
 'robotstxt/response_count': 1,
 'robotstxt/response_status_count/200': 1,
 'scheduler/dequeued': 1,
 'scheduler/dequeued/memory': 1,
 'scheduler/enqueued': 1,
 'scheduler/enqueued/memory': 1,
 'start_time': datetime.datetime(2024, 3, 8, 0, 35, 28, 800279, tzinfo=datetime.timezone.utc)}
2024-03-08 07:35:35 [scrapy.core.engine] INFO: Spider closed (finished)
